<?xml version="1.0" encoding="UTF-8"?>
<!-- Generated by org.testng.reporters.JUnitReportReporter -->
<testsuite hostname="vijay" failures="0" tests="2" name="PageObjectModelStuff.POMApproach1" time="14.119" errors="0" timestamp="2024-05-13T12:20:01 IST" skipped="0">
  <testcase classname="PageObjectModelStuff.POMApproach1" name="openURL" time="4.494"/>
  <system-out/>
  <testcase classname="PageObjectModelStuff.POMApproach1" name="selectingCountries" time="9.625"/>
  <system-out/>
</testsuite> <!-- PageObjectModelStuff.POMApproach1 -->
