<?xml version="1.0" encoding="UTF-8"?>
<!-- Generated by org.testng.reporters.JUnitReportReporter -->
<testsuite hostname="vijay" failures="0" tests="2" name="TestNGStuff.ParametersXML" time="0.013" errors="0" timestamp="2024-05-07T09:54:31 IST" skipped="0">
  <testcase classname="TestNGStuff.ParametersXML" name="summation" time="0.002"/>
  <system-out/>
  <testcase classname="TestNGStuff.ParametersXML" name="multiply" time="0.011"/>
  <system-out/>
</testsuite> <!-- TestNGStuff.ParametersXML -->
