<?xml version="1.0" encoding="UTF-8"?>
<!-- Generated by org.testng.reporters.JUnitReportReporter -->
<testsuite hostname="vijay" failures="0" tests="3" name="PageObjectModelStuff.POMPageFactoryApproach" time="10.992" errors="0" timestamp="2024-05-14T10:29:37 IST" skipped="0">
  <testcase classname="PageObjectModelStuff.POMPageFactoryApproach" name="openURL" time="4.558"/>
  <system-out/>
  <testcase classname="PageObjectModelStuff.POMPageFactoryApproach" name="selectCountries" time="5.065"/>
  <system-out/>
  <testcase classname="PageObjectModelStuff.POMPageFactoryApproach" name="closeBrowsers" time="1.369"/>
  <system-out/>
</testsuite> <!-- PageObjectModelStuff.POMPageFactoryApproach -->
