<?xml version="1.0" encoding="UTF-8"?>
<!-- Generated by org.testng.reporters.JUnitReportReporter -->
<testsuite hostname="vijay" failures="0" tests="2" name="TestNGStuff.BeforeAfterAnnotations" time="0.003" errors="0" timestamp="2024-05-07T09:32:00 IST" skipped="0">
  <testcase classname="TestNGStuff.BeforeAfterAnnotations" name="test2" time="0.001"/>
  <system-out/>
  <testcase classname="TestNGStuff.BeforeAfterAnnotations" name="test1" time="0.002"/>
  <system-out/>
</testsuite> <!-- TestNGStuff.BeforeAfterAnnotations -->
