<?xml version="1.0" encoding="UTF-8"?>
<!-- Generated by org.testng.reporters.JUnitReportReporter -->
<testsuite hostname="vijay" failures="0" tests="3" name="DataProviderStuff.DataProviderSample" time="0.015" errors="0" timestamp="2024-05-03T11:01:03 IST" skipped="0">
  <testcase classname="DataProviderStuff.DataProviderSample" name="summation" time="0.001"/>
  <system-out/>
  <testcase classname="DataProviderStuff.DataProviderSample" name="summation" time="0.012"/>
  <system-out/>
  <testcase classname="DataProviderStuff.DataProviderSample" name="summation" time="0.002"/>
  <system-out/>
</testsuite> <!-- DataProviderStuff.DataProviderSample -->
