<?xml version="1.0" encoding="UTF-8"?>
<!-- Generated by org.testng.reporters.JUnitReportReporter -->
<testsuite hostname="vijay" failures="0" tests="6" name="TestNGStuff.NewTest" time="0.012" errors="0" timestamp="2024-05-07T09:32:00 IST" skipped="0">
  <testcase classname="TestNGStuff.NewTest" name="abc" time="0.008"/>
  <system-out/>
  <testcase classname="TestNGStuff.NewTest" name="abc" time="0.001"/>
  <system-out/>
  <testcase classname="TestNGStuff.NewTest" name="xyz" time="0.001"/>
  <system-out/>
  <testcase classname="TestNGStuff.NewTest" name="xyz" time="0.000"/>
  <system-out/>
  <testcase classname="TestNGStuff.NewTest" name="def" time="0.001"/>
  <system-out/>
  <testcase classname="TestNGStuff.NewTest" name="def" time="0.001"/>
  <system-out/>
</testsuite> <!-- TestNGStuff.NewTest -->
