<?xml version="1.0" encoding="UTF-8"?>
<!-- Generated by org.testng.reporters.JUnitReportReporter -->
<testsuite hostname="vijay" failures="0" tests="1" name="AssertionsStuff.HardSoftAssertion_part2" time="0.001" errors="0" timestamp="2024-04-28T10:20:59 IST" skipped="0">
  <testcase classname="AssertionsStuff.HardSoftAssertion_part2" name="sample" time="0.001"/>
  <system-out/>
</testsuite> <!-- AssertionsStuff.HardSoftAssertion_part2 -->
