<?xml version="1.0" encoding="UTF-8"?>
<!-- Generated by org.testng.reporters.JUnitReportReporter -->
<testsuite hostname="vijay" failures="0" tests="5" name="PageObjectModelStuff.CrossBrowserTesting" time="9.528" errors="0" timestamp="2024-05-12T12:29:24 IST" skipped="0">
  <testcase classname="PageObjectModelStuff.CrossBrowserTesting" name="openURL" time="4.483"/>
  <system-out/>
  <testcase classname="PageObjectModelStuff.CrossBrowserTesting" name="findElements" time="0.039"/>
  <system-out/>
  <testcase classname="PageObjectModelStuff.CrossBrowserTesting" name="selectByText" time="1.667"/>
  <system-out/>
  <testcase classname="PageObjectModelStuff.CrossBrowserTesting" name="selectByValue" time="3.004"/>
  <system-out/>
  <testcase classname="PageObjectModelStuff.CrossBrowserTesting" name="selectByIndex" time="0.335"/>
  <system-out/>
</testsuite> <!-- PageObjectModelStuff.CrossBrowserTesting -->
