<?xml version="1.0" encoding="UTF-8"?>
<!-- Generated by org.testng.reporters.JUnitReportReporter -->
<testsuite hostname="vijay" failures="0" tests="3" name="TestNGStuff.secondExample" time="0.004" errors="0" timestamp="2024-05-07T09:32:00 IST" skipped="0">
  <testcase classname="TestNGStuff.secondExample" name="login" time="0.001"/>
  <system-out/>
  <testcase classname="TestNGStuff.secondExample" name="test" time="0.002"/>
  <system-out/>
  <testcase classname="TestNGStuff.secondExample" name="closeapp" time="0.001"/>
  <system-out/>
</testsuite> <!-- TestNGStuff.secondExample -->
